2024-07-10 13:23:52,718 DEBUG    root            Loaded Command Group: ['gcloud', 'components']
2024-07-10 13:23:52,722 DEBUG    root            Loaded Command Group: ['gcloud', 'components', 'update']
2024-07-10 13:23:52,727 DEBUG    root            Running [gcloud.components.update] with arguments: [--quiet: "True", COMPONENT-IDS:8: "['gcloud', 'core', 'bq', 'gsutil', 'compute', 'preview', 'alpha', 'beta']"]
2024-07-10 13:23:52,729 INFO     ___FILE_ONLY___ Beginning update. This process may take several minutes.

2024-07-10 13:23:52,747 DEBUG    urllib3.connectionpool Starting new HTTPS connection (1): dl.google.com:443
2024-07-10 13:23:52,812 DEBUG    urllib3.connectionpool https://dl.google.com:443 "GET /dl/cloudsdk/channels/rapid/components-2.json HTTP/1.1" 200 222658
2024-07-10 13:23:52,831 WARNING  root            Component [compute] no longer exists.
2024-07-10 13:23:52,831 WARNING  root            Component [preview] no longer exists.
2024-07-10 13:23:52,832 INFO     ___FILE_ONLY___ 

2024-07-10 13:23:52,832 INFO     ___FILE_ONLY___ 
Your current Google Cloud CLI version is: 483.0.0

2024-07-10 13:23:52,832 INFO     ___FILE_ONLY___ Installing components from version: 483.0.0

2024-07-10 13:23:52,833 INFO     ___FILE_ONLY___ 

2024-07-10 13:23:52,833 DEBUG    root            Chosen display Format:table[box,title="These components will be removed."](details.display_name:label=Name:align=left,version.version_string:label=Version:align=right,data.size.size(zero="",min=1048576):label=Size:align=right)
2024-07-10 13:23:52,834 DEBUG    root            Chosen display Format:table[box,title="These components will be updated."](details.display_name:label=Name:align=left,version.version_string:label=Version:align=right,data.size.size(zero="",min=1048576):label=Size:align=right)
2024-07-10 13:23:52,835 DEBUG    root            Chosen display Format:table[box,title="These components will be installed."](details.display_name:label=Name:align=left,version.version_string:label=Version:align=right,data.size.size(zero="",min=1048576):label=Size:align=right)
2024-07-10 13:23:52,911 INFO     ___FILE_ONLY___ ┌──────────────────────────────────────────────┐
2024-07-10 13:23:52,912 INFO     ___FILE_ONLY___ 

2024-07-10 13:23:52,912 INFO     ___FILE_ONLY___ │     These components will be installed.      │
2024-07-10 13:23:52,912 INFO     ___FILE_ONLY___ 

2024-07-10 13:23:52,912 INFO     ___FILE_ONLY___ ├───────────────────────┬────────────┬─────────┤
2024-07-10 13:23:52,912 INFO     ___FILE_ONLY___ 

2024-07-10 13:23:52,912 INFO     ___FILE_ONLY___ │          Name         │  Version   │   Size  │
2024-07-10 13:23:52,912 INFO     ___FILE_ONLY___ 

2024-07-10 13:23:52,912 INFO     ___FILE_ONLY___ ├───────────────────────┼────────────┼─────────┤
2024-07-10 13:23:52,912 INFO     ___FILE_ONLY___ 

2024-07-10 13:23:52,912 INFO     ___FILE_ONLY___ │ 
2024-07-10 13:23:52,913 INFO     ___FILE_ONLY___ gcloud Alpha Commands
2024-07-10 13:23:52,913 INFO     ___FILE_ONLY___  
2024-07-10 13:23:52,913 INFO     ___FILE_ONLY___ │ 
2024-07-10 13:23:52,913 INFO     ___FILE_ONLY___ 2024.06.28
2024-07-10 13:23:52,913 INFO     ___FILE_ONLY___  
2024-07-10 13:23:52,913 INFO     ___FILE_ONLY___ │ 
2024-07-10 13:23:52,913 INFO     ___FILE_ONLY___ < 1 MiB
2024-07-10 13:23:52,913 INFO     ___FILE_ONLY___  
2024-07-10 13:23:52,913 INFO     ___FILE_ONLY___ │
2024-07-10 13:23:52,913 INFO     ___FILE_ONLY___ 

2024-07-10 13:23:52,914 INFO     ___FILE_ONLY___ │ 
2024-07-10 13:23:52,914 INFO     ___FILE_ONLY___ gcloud Beta Commands 
2024-07-10 13:23:52,914 INFO     ___FILE_ONLY___  
2024-07-10 13:23:52,914 INFO     ___FILE_ONLY___ │ 
2024-07-10 13:23:52,914 INFO     ___FILE_ONLY___ 2024.06.28
2024-07-10 13:23:52,914 INFO     ___FILE_ONLY___  
2024-07-10 13:23:52,914 INFO     ___FILE_ONLY___ │ 
2024-07-10 13:23:52,914 INFO     ___FILE_ONLY___ < 1 MiB
2024-07-10 13:23:52,914 INFO     ___FILE_ONLY___  
2024-07-10 13:23:52,914 INFO     ___FILE_ONLY___ │
2024-07-10 13:23:52,915 INFO     ___FILE_ONLY___ 

2024-07-10 13:23:52,915 INFO     ___FILE_ONLY___ └───────────────────────┴────────────┴─────────┘
2024-07-10 13:23:52,915 INFO     ___FILE_ONLY___ 

2024-07-10 13:23:52,915 INFO     ___FILE_ONLY___ 

2024-07-10 13:23:52,924 DEBUG    urllib3.connectionpool Starting new HTTPS connection (1): dl.google.com:443
2024-07-10 13:23:53,019 DEBUG    urllib3.connectionpool https://dl.google.com:443 "GET /dl/cloudsdk/channels/rapid/RELEASE_NOTES HTTP/1.1" 200 1238234
2024-07-10 13:23:53,060 INFO     ___FILE_ONLY___ For the latest full release notes, please visit:
  https://cloud.google.com/sdk/release_notes


2024-07-10 13:23:53,060 INFO     ___FILE_ONLY___ Performing in place update...


2024-07-10 13:23:53,075 INFO     ___FILE_ONLY___ ╔════════════════════════════════════════════════════════════╗

2024-07-10 13:23:53,075 INFO     ___FILE_ONLY___ ╠═ Downloading: gcloud Alpha Commands                       ═╣

2024-07-10 13:23:53,075 INFO     ___FILE_ONLY___ ╚
2024-07-10 13:23:53,079 DEBUG    urllib3.connectionpool Starting new HTTPS connection (1): dl.google.com:443
2024-07-10 13:23:53,153 DEBUG    urllib3.connectionpool https://dl.google.com:443 "GET /dl/cloudsdk/channels/rapid/components/google-cloud-sdk-alpha-20240628141907.tar.gz HTTP/1.1" 200 800
2024-07-10 13:23:53,154 INFO     ___FILE_ONLY___ ════════════════════════════════════════════════════════════
2024-07-10 13:23:53,154 INFO     ___FILE_ONLY___ ╝

2024-07-10 13:23:53,157 INFO     ___FILE_ONLY___ ╔════════════════════════════════════════════════════════════╗

2024-07-10 13:23:53,157 INFO     ___FILE_ONLY___ ╠═ Downloading: gcloud Beta Commands                        ═╣

2024-07-10 13:23:53,157 INFO     ___FILE_ONLY___ ╚
2024-07-10 13:23:53,171 DEBUG    urllib3.connectionpool Starting new HTTPS connection (1): dl.google.com:443
2024-07-10 13:23:53,264 DEBUG    urllib3.connectionpool https://dl.google.com:443 "GET /dl/cloudsdk/channels/rapid/components/google-cloud-sdk-beta-20240628141907.tar.gz HTTP/1.1" 200 797
2024-07-10 13:23:53,265 INFO     ___FILE_ONLY___ ════════════════════════════════════════════════════════════
2024-07-10 13:23:53,265 INFO     ___FILE_ONLY___ ╝

2024-07-10 13:23:53,267 INFO     ___FILE_ONLY___ ╔════════════════════════════════════════════════════════════╗

2024-07-10 13:23:53,267 INFO     ___FILE_ONLY___ ╠═ Installing: gcloud Alpha Commands                        ═╣

2024-07-10 13:23:53,267 INFO     ___FILE_ONLY___ ╚
2024-07-10 13:23:53,269 INFO     ___FILE_ONLY___ ════════════════════════════════════════════════════════════
2024-07-10 13:23:53,269 INFO     ___FILE_ONLY___ ╝

2024-07-10 13:23:53,275 INFO     ___FILE_ONLY___ ╔════════════════════════════════════════════════════════════╗

2024-07-10 13:23:53,275 INFO     ___FILE_ONLY___ ╠═ Installing: gcloud Beta Commands                         ═╣

2024-07-10 13:23:53,275 INFO     ___FILE_ONLY___ ╚
2024-07-10 13:23:53,276 INFO     ___FILE_ONLY___ ════════════════════════════════════════════════════════════
2024-07-10 13:23:53,276 INFO     ___FILE_ONLY___ ╝

2024-07-10 13:23:53,302 DEBUG    root            Updating notification cache...
2024-07-10 13:23:53,302 INFO     ___FILE_ONLY___ 

2024-07-10 13:23:53,304 INFO     ___FILE_ONLY___ Performing post processing steps...
2024-07-10 13:23:53,305 DEBUG    root            Executing command: ['/tools/google-cloud-sdk/bin/gcloud', 'components', 'post-process']
2024-07-10 13:24:15,994 DEBUG    ___FILE_ONLY___ 
2024-07-10 13:24:15,994 DEBUG    ___FILE_ONLY___ 
2024-07-10 13:24:16,102 INFO     ___FILE_ONLY___ 
Update done!


2024-07-10 13:24:16,110 DEBUG    root            Chosen display Format:none
2024-07-10 13:24:16,112 INFO     root            Display format: "none"
