2024-07-10 13:23:16,482 DEBUG    root            Loaded Command Group: ['gcloud', 'components']
2024-07-10 13:23:16,491 DEBUG    root            Loaded Command Group: ['gcloud', 'components', 'update']
2024-07-10 13:23:16,497 DEBUG    root            Running [gcloud.components.update] with arguments: [--allow-no-backup: "True", --compile-python: "True", --quiet: "True", COMPONENT-IDS:6: "['core', 'gcloud-deps', 'bq', 'gcloud', 'gcloud-crc32c', 'gsutil']"]
2024-07-10 13:23:16,499 INFO     ___FILE_ONLY___ Beginning update. This process may take several minutes.

2024-07-10 13:23:16,565 DEBUG    urllib3.connectionpool Starting new HTTPS connection (1): dl.google.com:443
2024-07-10 13:23:16,652 DEBUG    urllib3.connectionpool https://dl.google.com:443 "GET /dl/cloudsdk/channels/rapid/components-2.json HTTP/1.1" 200 222658
2024-07-10 13:23:16,678 INFO     ___FILE_ONLY___ 

2024-07-10 13:23:16,679 INFO     ___FILE_ONLY___ 
Your current Google Cloud CLI version is: 483.0.0

2024-07-10 13:23:16,679 INFO     ___FILE_ONLY___ Installing components from version: 483.0.0

2024-07-10 13:23:16,679 INFO     ___FILE_ONLY___ 

2024-07-10 13:23:16,680 DEBUG    root            Chosen display Format:table[box,title="These components will be removed."](details.display_name:label=Name:align=left,version.version_string:label=Version:align=right,data.size.size(zero="",min=1048576):label=Size:align=right)
2024-07-10 13:23:16,681 DEBUG    root            Chosen display Format:table[box,title="These components will be updated."](details.display_name:label=Name:align=left,version.version_string:label=Version:align=right,data.size.size(zero="",min=1048576):label=Size:align=right)
2024-07-10 13:23:16,683 DEBUG    root            Chosen display Format:table[box,title="These components will be installed."](details.display_name:label=Name:align=left,version.version_string:label=Version:align=right,data.size.size(zero="",min=1048576):label=Size:align=right)
2024-07-10 13:23:16,928 INFO     ___FILE_ONLY___ ┌─────────────────────────────────────────────────────────────────────────────┐
2024-07-10 13:23:16,928 INFO     ___FILE_ONLY___ 

2024-07-10 13:23:16,929 INFO     ___FILE_ONLY___ │                     These components will be installed.                     │
2024-07-10 13:23:16,929 INFO     ___FILE_ONLY___ 

2024-07-10 13:23:16,929 INFO     ___FILE_ONLY___ ├─────────────────────────────────────────────────────┬────────────┬──────────┤
2024-07-10 13:23:16,929 INFO     ___FILE_ONLY___ 

2024-07-10 13:23:16,929 INFO     ___FILE_ONLY___ │                         Name                        │  Version   │   Size   │
2024-07-10 13:23:16,929 INFO     ___FILE_ONLY___ 

2024-07-10 13:23:16,929 INFO     ___FILE_ONLY___ ├─────────────────────────────────────────────────────┼────────────┼──────────┤
2024-07-10 13:23:16,929 INFO     ___FILE_ONLY___ 

2024-07-10 13:23:16,929 INFO     ___FILE_ONLY___ │ 
2024-07-10 13:23:16,930 INFO     ___FILE_ONLY___ BigQuery Command Line Tool                         
2024-07-10 13:23:16,930 INFO     ___FILE_ONLY___  
2024-07-10 13:23:16,930 INFO     ___FILE_ONLY___ │ 
2024-07-10 13:23:16,930 INFO     ___FILE_ONLY___      2.1.6
2024-07-10 13:23:16,930 INFO     ___FILE_ONLY___  
2024-07-10 13:23:16,930 INFO     ___FILE_ONLY___ │ 
2024-07-10 13:23:16,930 INFO     ___FILE_ONLY___  1.7 MiB
2024-07-10 13:23:16,930 INFO     ___FILE_ONLY___  
2024-07-10 13:23:16,930 INFO     ___FILE_ONLY___ │
2024-07-10 13:23:16,930 INFO     ___FILE_ONLY___ 

2024-07-10 13:23:16,931 INFO     ___FILE_ONLY___ │ 
2024-07-10 13:23:16,931 INFO     ___FILE_ONLY___ BigQuery Command Line Tool (Platform Specific)     
2024-07-10 13:23:16,931 INFO     ___FILE_ONLY___  
2024-07-10 13:23:16,931 INFO     ___FILE_ONLY___ │ 
2024-07-10 13:23:16,931 INFO     ___FILE_ONLY___    2.0.101
2024-07-10 13:23:16,931 INFO     ___FILE_ONLY___  
2024-07-10 13:23:16,931 INFO     ___FILE_ONLY___ │ 
2024-07-10 13:23:16,931 INFO     ___FILE_ONLY___  < 1 MiB
2024-07-10 13:23:16,931 INFO     ___FILE_ONLY___  
2024-07-10 13:23:16,932 INFO     ___FILE_ONLY___ │
2024-07-10 13:23:16,932 INFO     ___FILE_ONLY___ 

2024-07-10 13:23:16,932 INFO     ___FILE_ONLY___ │ 
2024-07-10 13:23:16,932 INFO     ___FILE_ONLY___ Bundled Python 3.11                                
2024-07-10 13:23:16,932 INFO     ___FILE_ONLY___  
2024-07-10 13:23:16,932 INFO     ___FILE_ONLY___ │ 
2024-07-10 13:23:16,932 INFO     ___FILE_ONLY___     3.11.8
2024-07-10 13:23:16,932 INFO     ___FILE_ONLY___  
2024-07-10 13:23:16,932 INFO     ___FILE_ONLY___ │ 
2024-07-10 13:23:16,932 INFO     ___FILE_ONLY___ 75.1 MiB
2024-07-10 13:23:16,932 INFO     ___FILE_ONLY___  
2024-07-10 13:23:16,933 INFO     ___FILE_ONLY___ │
2024-07-10 13:23:16,933 INFO     ___FILE_ONLY___ 

2024-07-10 13:23:16,933 INFO     ___FILE_ONLY___ │ 
2024-07-10 13:23:16,933 INFO     ___FILE_ONLY___ Cloud Storage Command Line Tool                    
2024-07-10 13:23:16,933 INFO     ___FILE_ONLY___  
2024-07-10 13:23:16,933 INFO     ___FILE_ONLY___ │ 
2024-07-10 13:23:16,933 INFO     ___FILE_ONLY___       5.30
2024-07-10 13:23:16,933 INFO     ___FILE_ONLY___  
2024-07-10 13:23:16,933 INFO     ___FILE_ONLY___ │ 
2024-07-10 13:23:16,933 INFO     ___FILE_ONLY___ 11.3 MiB
2024-07-10 13:23:16,933 INFO     ___FILE_ONLY___  
2024-07-10 13:23:16,934 INFO     ___FILE_ONLY___ │
2024-07-10 13:23:16,934 INFO     ___FILE_ONLY___ 

2024-07-10 13:23:16,934 INFO     ___FILE_ONLY___ │ 
2024-07-10 13:23:16,934 INFO     ___FILE_ONLY___ Cloud Storage Command Line Tool (Platform Specific)
2024-07-10 13:23:16,934 INFO     ___FILE_ONLY___  
2024-07-10 13:23:16,934 INFO     ___FILE_ONLY___ │ 
2024-07-10 13:23:16,934 INFO     ___FILE_ONLY___       5.27
2024-07-10 13:23:16,934 INFO     ___FILE_ONLY___  
2024-07-10 13:23:16,934 INFO     ___FILE_ONLY___ │ 
2024-07-10 13:23:16,934 INFO     ___FILE_ONLY___  < 1 MiB
2024-07-10 13:23:16,935 INFO     ___FILE_ONLY___  
2024-07-10 13:23:16,935 INFO     ___FILE_ONLY___ │
2024-07-10 13:23:16,935 INFO     ___FILE_ONLY___ 

2024-07-10 13:23:16,935 INFO     ___FILE_ONLY___ │ 
2024-07-10 13:23:16,935 INFO     ___FILE_ONLY___ Google Cloud CLI Core Libraries (Platform Specific)
2024-07-10 13:23:16,935 INFO     ___FILE_ONLY___  
2024-07-10 13:23:16,935 INFO     ___FILE_ONLY___ │ 
2024-07-10 13:23:16,935 INFO     ___FILE_ONLY___ 2024.01.06
2024-07-10 13:23:16,935 INFO     ___FILE_ONLY___  
2024-07-10 13:23:16,936 INFO     ___FILE_ONLY___ │ 
2024-07-10 13:23:16,936 INFO     ___FILE_ONLY___  < 1 MiB
2024-07-10 13:23:16,936 INFO     ___FILE_ONLY___  
2024-07-10 13:23:16,936 INFO     ___FILE_ONLY___ │
2024-07-10 13:23:16,936 INFO     ___FILE_ONLY___ 

2024-07-10 13:23:16,936 INFO     ___FILE_ONLY___ │ 
2024-07-10 13:23:16,936 INFO     ___FILE_ONLY___ Google Cloud CRC32C Hash Tool                      
2024-07-10 13:23:16,936 INFO     ___FILE_ONLY___  
2024-07-10 13:23:16,936 INFO     ___FILE_ONLY___ │ 
2024-07-10 13:23:16,936 INFO     ___FILE_ONLY___      1.0.0
2024-07-10 13:23:16,937 INFO     ___FILE_ONLY___  
2024-07-10 13:23:16,937 INFO     ___FILE_ONLY___ │ 
2024-07-10 13:23:16,937 INFO     ___FILE_ONLY___  1.2 MiB
2024-07-10 13:23:16,937 INFO     ___FILE_ONLY___  
2024-07-10 13:23:16,937 INFO     ___FILE_ONLY___ │
2024-07-10 13:23:16,937 INFO     ___FILE_ONLY___ 

2024-07-10 13:23:16,937 INFO     ___FILE_ONLY___ │ 
2024-07-10 13:23:16,937 INFO     ___FILE_ONLY___ gcloud cli dependencies                            
2024-07-10 13:23:16,937 INFO     ___FILE_ONLY___  
2024-07-10 13:23:16,937 INFO     ___FILE_ONLY___ │ 
2024-07-10 13:23:16,938 INFO     ___FILE_ONLY___ 2021.04.16
2024-07-10 13:23:16,938 INFO     ___FILE_ONLY___  
2024-07-10 13:23:16,938 INFO     ___FILE_ONLY___ │ 
2024-07-10 13:23:16,938 INFO     ___FILE_ONLY___  < 1 MiB
2024-07-10 13:23:16,938 INFO     ___FILE_ONLY___  
2024-07-10 13:23:16,938 INFO     ___FILE_ONLY___ │
2024-07-10 13:23:16,938 INFO     ___FILE_ONLY___ 

2024-07-10 13:23:16,938 INFO     ___FILE_ONLY___ └─────────────────────────────────────────────────────┴────────────┴──────────┘
2024-07-10 13:23:16,938 INFO     ___FILE_ONLY___ 

2024-07-10 13:23:16,938 INFO     ___FILE_ONLY___ 

2024-07-10 13:23:16,947 DEBUG    urllib3.connectionpool Starting new HTTPS connection (1): dl.google.com:443
2024-07-10 13:23:17,046 DEBUG    urllib3.connectionpool https://dl.google.com:443 "GET /dl/cloudsdk/channels/rapid/RELEASE_NOTES HTTP/1.1" 200 1238234
2024-07-10 13:23:17,093 INFO     ___FILE_ONLY___ For the latest full release notes, please visit:
  https://cloud.google.com/sdk/release_notes


2024-07-10 13:23:17,095 INFO     ___FILE_ONLY___ Performing in place update...


2024-07-10 13:23:17,112 INFO     ___FILE_ONLY___ ╔════════════════════════════════════════════════════════════╗

2024-07-10 13:23:17,113 INFO     ___FILE_ONLY___ ╠═ Downloading: BigQuery Command Line Tool                  ═╣

2024-07-10 13:23:17,113 INFO     ___FILE_ONLY___ ╚
2024-07-10 13:23:17,128 DEBUG    urllib3.connectionpool Starting new HTTPS connection (1): dl.google.com:443
2024-07-10 13:23:17,227 DEBUG    urllib3.connectionpool https://dl.google.com:443 "GET /dl/cloudsdk/channels/rapid/components/google-cloud-sdk-bq-20240628141907.tar.gz HTTP/1.1" 200 1805684
2024-07-10 13:23:17,247 INFO     ___FILE_ONLY___ ═
2024-07-10 13:23:17,248 INFO     ___FILE_ONLY___ ═
2024-07-10 13:23:17,248 INFO     ___FILE_ONLY___ ═
2024-07-10 13:23:17,248 INFO     ___FILE_ONLY___ ═
2024-07-10 13:23:17,248 INFO     ___FILE_ONLY___ ═
2024-07-10 13:23:17,249 INFO     ___FILE_ONLY___ ═
2024-07-10 13:23:17,249 INFO     ___FILE_ONLY___ ═
2024-07-10 13:23:17,249 INFO     ___FILE_ONLY___ ═
2024-07-10 13:23:17,249 INFO     ___FILE_ONLY___ ═
2024-07-10 13:23:17,250 INFO     ___FILE_ONLY___ ═
2024-07-10 13:23:17,250 INFO     ___FILE_ONLY___ ═
2024-07-10 13:23:17,250 INFO     ___FILE_ONLY___ ═
2024-07-10 13:23:17,250 INFO     ___FILE_ONLY___ ═
2024-07-10 13:23:17,251 INFO     ___FILE_ONLY___ ═
2024-07-10 13:23:17,251 INFO     ___FILE_ONLY___ ═
2024-07-10 13:23:17,251 INFO     ___FILE_ONLY___ ═
2024-07-10 13:23:17,251 INFO     ___FILE_ONLY___ ═
2024-07-10 13:23:17,252 INFO     ___FILE_ONLY___ ═
2024-07-10 13:23:17,252 INFO     ___FILE_ONLY___ ═
2024-07-10 13:23:17,252 INFO     ___FILE_ONLY___ ═
2024-07-10 13:23:17,252 INFO     ___FILE_ONLY___ ═
2024-07-10 13:23:17,253 INFO     ___FILE_ONLY___ ═
2024-07-10 13:23:17,253 INFO     ___FILE_ONLY___ ═
2024-07-10 13:23:17,253 INFO     ___FILE_ONLY___ ═
2024-07-10 13:23:17,253 INFO     ___FILE_ONLY___ ═
2024-07-10 13:23:17,253 INFO     ___FILE_ONLY___ ═
2024-07-10 13:23:17,254 INFO     ___FILE_ONLY___ ═
2024-07-10 13:23:17,254 INFO     ___FILE_ONLY___ ═
2024-07-10 13:23:17,254 INFO     ___FILE_ONLY___ ═
2024-07-10 13:23:17,254 INFO     ___FILE_ONLY___ ═
2024-07-10 13:23:17,254 INFO     ___FILE_ONLY___ ═
2024-07-10 13:23:17,255 INFO     ___FILE_ONLY___ ═
2024-07-10 13:23:17,255 INFO     ___FILE_ONLY___ ═
2024-07-10 13:23:17,255 INFO     ___FILE_ONLY___ ═
2024-07-10 13:23:17,256 INFO     ___FILE_ONLY___ ═
2024-07-10 13:23:17,256 INFO     ___FILE_ONLY___ ═
2024-07-10 13:23:17,256 INFO     ___FILE_ONLY___ ═
2024-07-10 13:23:17,256 INFO     ___FILE_ONLY___ ═
2024-07-10 13:23:17,257 INFO     ___FILE_ONLY___ ═
2024-07-10 13:23:17,257 INFO     ___FILE_ONLY___ ═
2024-07-10 13:23:17,257 INFO     ___FILE_ONLY___ ═
2024-07-10 13:23:17,257 INFO     ___FILE_ONLY___ ═
2024-07-10 13:23:17,258 INFO     ___FILE_ONLY___ ═
2024-07-10 13:23:17,258 INFO     ___FILE_ONLY___ ═
2024-07-10 13:23:17,258 INFO     ___FILE_ONLY___ ═
2024-07-10 13:23:17,258 INFO     ___FILE_ONLY___ ═
2024-07-10 13:23:17,259 INFO     ___FILE_ONLY___ ═
2024-07-10 13:23:17,259 INFO     ___FILE_ONLY___ ═
2024-07-10 13:23:17,259 INFO     ___FILE_ONLY___ ═
2024-07-10 13:23:17,259 INFO     ___FILE_ONLY___ ═
2024-07-10 13:23:17,260 INFO     ___FILE_ONLY___ ═
2024-07-10 13:23:17,260 INFO     ___FILE_ONLY___ ═
2024-07-10 13:23:17,260 INFO     ___FILE_ONLY___ ═
2024-07-10 13:23:17,260 INFO     ___FILE_ONLY___ ═
2024-07-10 13:23:17,260 INFO     ___FILE_ONLY___ ═
2024-07-10 13:23:17,261 INFO     ___FILE_ONLY___ ═
2024-07-10 13:23:17,261 INFO     ___FILE_ONLY___ ═
2024-07-10 13:23:17,261 INFO     ___FILE_ONLY___ ═
2024-07-10 13:23:17,261 INFO     ___FILE_ONLY___ ═
2024-07-10 13:23:17,261 INFO     ___FILE_ONLY___ ═
2024-07-10 13:23:17,262 INFO     ___FILE_ONLY___ ╝

2024-07-10 13:23:17,267 INFO     ___FILE_ONLY___ ╔════════════════════════════════════════════════════════════╗

2024-07-10 13:23:17,267 INFO     ___FILE_ONLY___ ╠═ Downloading: BigQuery Command Line Tool (Platform Spe... ═╣

2024-07-10 13:23:17,267 INFO     ___FILE_ONLY___ ╚
2024-07-10 13:23:17,274 DEBUG    urllib3.connectionpool Starting new HTTPS connection (1): dl.google.com:443
2024-07-10 13:23:17,372 DEBUG    urllib3.connectionpool https://dl.google.com:443 "GET /dl/cloudsdk/channels/rapid/components/google-cloud-sdk-bq-nix-20240106004423.tar.gz HTTP/1.1" 200 2026
2024-07-10 13:23:17,373 INFO     ___FILE_ONLY___ ════════════════════════════════════════════════════════════
2024-07-10 13:23:17,373 INFO     ___FILE_ONLY___ ╝

2024-07-10 13:23:17,379 INFO     ___FILE_ONLY___ ╔════════════════════════════════════════════════════════════╗

2024-07-10 13:23:17,379 INFO     ___FILE_ONLY___ ╠═ Downloading: Bundled Python 3.11                         ═╣

2024-07-10 13:23:17,379 INFO     ___FILE_ONLY___ ╚
2024-07-10 13:23:17,387 DEBUG    urllib3.connectionpool Starting new HTTPS connection (1): dl.google.com:443
2024-07-10 13:23:17,498 DEBUG    urllib3.connectionpool https://dl.google.com:443 "GET /dl/cloudsdk/channels/rapid/components/google-cloud-sdk-bundled-python3-unix-linux-x86_64-20240510142152.tar.gz HTTP/1.1" 200 78697278
2024-07-10 13:23:18,065 INFO     ___FILE_ONLY___ ═
2024-07-10 13:23:18,069 INFO     ___FILE_ONLY___ ═
2024-07-10 13:23:18,072 INFO     ___FILE_ONLY___ ═
2024-07-10 13:23:18,076 INFO     ___FILE_ONLY___ ═
2024-07-10 13:23:18,079 INFO     ___FILE_ONLY___ ═
2024-07-10 13:23:18,081 INFO     ___FILE_ONLY___ ═
2024-07-10 13:23:18,082 INFO     ___FILE_ONLY___ ═
2024-07-10 13:23:18,084 INFO     ___FILE_ONLY___ ═
2024-07-10 13:23:18,085 INFO     ___FILE_ONLY___ ═
2024-07-10 13:23:18,088 INFO     ___FILE_ONLY___ ═
2024-07-10 13:23:18,094 INFO     ___FILE_ONLY___ ═
2024-07-10 13:23:18,097 INFO     ___FILE_ONLY___ ═
2024-07-10 13:23:18,100 INFO     ___FILE_ONLY___ ═
2024-07-10 13:23:18,104 INFO     ___FILE_ONLY___ ═
2024-07-10 13:23:18,107 INFO     ___FILE_ONLY___ ═
2024-07-10 13:23:18,111 INFO     ___FILE_ONLY___ ═
2024-07-10 13:23:18,114 INFO     ___FILE_ONLY___ ═
2024-07-10 13:23:18,118 INFO     ___FILE_ONLY___ ═
2024-07-10 13:23:18,121 INFO     ___FILE_ONLY___ ═
2024-07-10 13:23:18,124 INFO     ___FILE_ONLY___ ═
2024-07-10 13:23:18,128 INFO     ___FILE_ONLY___ ═
2024-07-10 13:23:18,131 INFO     ___FILE_ONLY___ ═
2024-07-10 13:23:18,134 INFO     ___FILE_ONLY___ ═
2024-07-10 13:23:18,138 INFO     ___FILE_ONLY___ ═
2024-07-10 13:23:18,142 INFO     ___FILE_ONLY___ ═
2024-07-10 13:23:18,145 INFO     ___FILE_ONLY___ ═
2024-07-10 13:23:18,148 INFO     ___FILE_ONLY___ ═
2024-07-10 13:23:18,151 INFO     ___FILE_ONLY___ ═
2024-07-10 13:23:18,154 INFO     ___FILE_ONLY___ ═
2024-07-10 13:23:18,159 INFO     ___FILE_ONLY___ ═
2024-07-10 13:23:18,163 INFO     ___FILE_ONLY___ ═
2024-07-10 13:23:18,166 INFO     ___FILE_ONLY___ ═
2024-07-10 13:23:18,170 INFO     ___FILE_ONLY___ ═
2024-07-10 13:23:18,173 INFO     ___FILE_ONLY___ ═
2024-07-10 13:23:18,176 INFO     ___FILE_ONLY___ ═
2024-07-10 13:23:18,179 INFO     ___FILE_ONLY___ ═
2024-07-10 13:23:18,182 INFO     ___FILE_ONLY___ ═
2024-07-10 13:23:18,186 INFO     ___FILE_ONLY___ ═
2024-07-10 13:23:18,189 INFO     ___FILE_ONLY___ ═
2024-07-10 13:23:18,192 INFO     ___FILE_ONLY___ ═
2024-07-10 13:23:18,196 INFO     ___FILE_ONLY___ ═
2024-07-10 13:23:18,199 INFO     ___FILE_ONLY___ ═
2024-07-10 13:23:18,202 INFO     ___FILE_ONLY___ ═
2024-07-10 13:23:18,206 INFO     ___FILE_ONLY___ ═
2024-07-10 13:23:18,209 INFO     ___FILE_ONLY___ ═
2024-07-10 13:23:18,211 INFO     ___FILE_ONLY___ ═
2024-07-10 13:23:18,214 INFO     ___FILE_ONLY___ ═
2024-07-10 13:23:18,218 INFO     ___FILE_ONLY___ ═
2024-07-10 13:23:18,221 INFO     ___FILE_ONLY___ ═
2024-07-10 13:23:18,224 INFO     ___FILE_ONLY___ ═
2024-07-10 13:23:18,227 INFO     ___FILE_ONLY___ ═
2024-07-10 13:23:18,230 INFO     ___FILE_ONLY___ ═
2024-07-10 13:23:18,233 INFO     ___FILE_ONLY___ ═
2024-07-10 13:23:18,236 INFO     ___FILE_ONLY___ ═
2024-07-10 13:23:18,239 INFO     ___FILE_ONLY___ ═
2024-07-10 13:23:18,242 INFO     ___FILE_ONLY___ ═
2024-07-10 13:23:18,245 INFO     ___FILE_ONLY___ ═
2024-07-10 13:23:18,248 INFO     ___FILE_ONLY___ ═
2024-07-10 13:23:18,252 INFO     ___FILE_ONLY___ ═
2024-07-10 13:23:18,255 INFO     ___FILE_ONLY___ ═
2024-07-10 13:23:18,255 INFO     ___FILE_ONLY___ ╝

2024-07-10 13:23:18,261 INFO     ___FILE_ONLY___ ╔════════════════════════════════════════════════════════════╗

2024-07-10 13:23:18,261 INFO     ___FILE_ONLY___ ╠═ Downloading: Bundled Python 3.11                         ═╣

2024-07-10 13:23:18,261 INFO     ___FILE_ONLY___ ╚
2024-07-10 13:23:18,262 INFO     ___FILE_ONLY___ ════════════════════════════════════════════════════════════
2024-07-10 13:23:18,262 INFO     ___FILE_ONLY___ ╝

2024-07-10 13:23:18,266 INFO     ___FILE_ONLY___ ╔════════════════════════════════════════════════════════════╗

2024-07-10 13:23:18,267 INFO     ___FILE_ONLY___ ╠═ Downloading: Cloud Storage Command Line Tool             ═╣

2024-07-10 13:23:18,267 INFO     ___FILE_ONLY___ ╚
2024-07-10 13:23:18,275 DEBUG    urllib3.connectionpool Starting new HTTPS connection (1): dl.google.com:443
2024-07-10 13:23:18,381 DEBUG    urllib3.connectionpool https://dl.google.com:443 "GET /dl/cloudsdk/channels/rapid/components/google-cloud-sdk-gsutil-20240614142823.tar.gz HTTP/1.1" 200 11883175
2024-07-10 13:23:18,450 INFO     ___FILE_ONLY___ ═
2024-07-10 13:23:18,452 INFO     ___FILE_ONLY___ ═
2024-07-10 13:23:18,452 INFO     ___FILE_ONLY___ ═
2024-07-10 13:23:18,453 INFO     ___FILE_ONLY___ ═
2024-07-10 13:23:18,454 INFO     ___FILE_ONLY___ ═
2024-07-10 13:23:18,455 INFO     ___FILE_ONLY___ ═
2024-07-10 13:23:18,457 INFO     ___FILE_ONLY___ ═
2024-07-10 13:23:18,457 INFO     ___FILE_ONLY___ ═
2024-07-10 13:23:18,458 INFO     ___FILE_ONLY___ ═
2024-07-10 13:23:18,459 INFO     ___FILE_ONLY___ ═
2024-07-10 13:23:18,459 INFO     ___FILE_ONLY___ ═
2024-07-10 13:23:18,460 INFO     ___FILE_ONLY___ ═
2024-07-10 13:23:18,461 INFO     ___FILE_ONLY___ ═
2024-07-10 13:23:18,462 INFO     ___FILE_ONLY___ ═
2024-07-10 13:23:18,463 INFO     ___FILE_ONLY___ ═
2024-07-10 13:23:18,464 INFO     ___FILE_ONLY___ ═
2024-07-10 13:23:18,465 INFO     ___FILE_ONLY___ ═
2024-07-10 13:23:18,465 INFO     ___FILE_ONLY___ ═
2024-07-10 13:23:18,466 INFO     ___FILE_ONLY___ ═
2024-07-10 13:23:18,467 INFO     ___FILE_ONLY___ ═
2024-07-10 13:23:18,467 INFO     ___FILE_ONLY___ ═
2024-07-10 13:23:18,468 INFO     ___FILE_ONLY___ ═
2024-07-10 13:23:18,469 INFO     ___FILE_ONLY___ ═
2024-07-10 13:23:18,469 INFO     ___FILE_ONLY___ ═
2024-07-10 13:23:18,470 INFO     ___FILE_ONLY___ ═
2024-07-10 13:23:18,471 INFO     ___FILE_ONLY___ ═
2024-07-10 13:23:18,472 INFO     ___FILE_ONLY___ ═
2024-07-10 13:23:18,472 INFO     ___FILE_ONLY___ ═
2024-07-10 13:23:18,473 INFO     ___FILE_ONLY___ ═
2024-07-10 13:23:18,473 INFO     ___FILE_ONLY___ ═
2024-07-10 13:23:18,474 INFO     ___FILE_ONLY___ ═
2024-07-10 13:23:18,475 INFO     ___FILE_ONLY___ ═
2024-07-10 13:23:18,475 INFO     ___FILE_ONLY___ ═
2024-07-10 13:23:18,476 INFO     ___FILE_ONLY___ ═
2024-07-10 13:23:18,477 INFO     ___FILE_ONLY___ ═
2024-07-10 13:23:18,477 INFO     ___FILE_ONLY___ ═
2024-07-10 13:23:18,478 INFO     ___FILE_ONLY___ ═
2024-07-10 13:23:18,478 INFO     ___FILE_ONLY___ ═
2024-07-10 13:23:18,479 INFO     ___FILE_ONLY___ ═
2024-07-10 13:23:18,480 INFO     ___FILE_ONLY___ ═
2024-07-10 13:23:18,480 INFO     ___FILE_ONLY___ ═
2024-07-10 13:23:18,481 INFO     ___FILE_ONLY___ ═
2024-07-10 13:23:18,482 INFO     ___FILE_ONLY___ ═
2024-07-10 13:23:18,482 INFO     ___FILE_ONLY___ ═
2024-07-10 13:23:18,483 INFO     ___FILE_ONLY___ ═
2024-07-10 13:23:18,484 INFO     ___FILE_ONLY___ ═
2024-07-10 13:23:18,484 INFO     ___FILE_ONLY___ ═
2024-07-10 13:23:18,485 INFO     ___FILE_ONLY___ ═
2024-07-10 13:23:18,486 INFO     ___FILE_ONLY___ ═
2024-07-10 13:23:18,486 INFO     ___FILE_ONLY___ ═
2024-07-10 13:23:18,487 INFO     ___FILE_ONLY___ ═
2024-07-10 13:23:18,488 INFO     ___FILE_ONLY___ ═
2024-07-10 13:23:18,488 INFO     ___FILE_ONLY___ ═
2024-07-10 13:23:18,489 INFO     ___FILE_ONLY___ ═
2024-07-10 13:23:18,489 INFO     ___FILE_ONLY___ ═
2024-07-10 13:23:18,490 INFO     ___FILE_ONLY___ ═
2024-07-10 13:23:18,491 INFO     ___FILE_ONLY___ ═
2024-07-10 13:23:18,491 INFO     ___FILE_ONLY___ ═
2024-07-10 13:23:18,492 INFO     ___FILE_ONLY___ ═
2024-07-10 13:23:18,493 INFO     ___FILE_ONLY___ ═
2024-07-10 13:23:18,493 INFO     ___FILE_ONLY___ ╝

2024-07-10 13:23:18,498 INFO     ___FILE_ONLY___ ╔════════════════════════════════════════════════════════════╗

2024-07-10 13:23:18,499 INFO     ___FILE_ONLY___ ╠═ Downloading: Cloud Storage Command Line Tool (Platfor... ═╣

2024-07-10 13:23:18,499 INFO     ___FILE_ONLY___ ╚
2024-07-10 13:23:18,506 DEBUG    urllib3.connectionpool Starting new HTTPS connection (1): dl.google.com:443
2024-07-10 13:23:18,610 DEBUG    urllib3.connectionpool https://dl.google.com:443 "GET /dl/cloudsdk/channels/rapid/components/google-cloud-sdk-gsutil-nix-20240106004423.tar.gz HTTP/1.1" 200 2042
2024-07-10 13:23:18,612 INFO     ___FILE_ONLY___ ════════════════════════════════════════════════════════════
2024-07-10 13:23:18,613 INFO     ___FILE_ONLY___ ╝

2024-07-10 13:23:18,618 INFO     ___FILE_ONLY___ ╔════════════════════════════════════════════════════════════╗

2024-07-10 13:23:18,618 INFO     ___FILE_ONLY___ ╠═ Downloading: Default set of gcloud commands              ═╣

2024-07-10 13:23:18,618 INFO     ___FILE_ONLY___ ╚
2024-07-10 13:23:18,619 INFO     ___FILE_ONLY___ ════════════════════════════════════════════════════════════
2024-07-10 13:23:18,619 INFO     ___FILE_ONLY___ ╝

2024-07-10 13:23:18,623 INFO     ___FILE_ONLY___ ╔════════════════════════════════════════════════════════════╗

2024-07-10 13:23:18,623 INFO     ___FILE_ONLY___ ╠═ Downloading: Google Cloud CLI Core Libraries (Platfor... ═╣

2024-07-10 13:23:18,623 INFO     ___FILE_ONLY___ ╚
2024-07-10 13:23:18,632 DEBUG    urllib3.connectionpool Starting new HTTPS connection (1): dl.google.com:443
2024-07-10 13:23:18,752 DEBUG    urllib3.connectionpool https://dl.google.com:443 "GET /dl/cloudsdk/channels/rapid/components/google-cloud-sdk-core-nix-20240106004423.tar.gz HTTP/1.1" 200 2410
2024-07-10 13:23:18,753 INFO     ___FILE_ONLY___ ════════════════════════════════════════════════════════════
2024-07-10 13:23:18,754 INFO     ___FILE_ONLY___ ╝

2024-07-10 13:23:18,759 INFO     ___FILE_ONLY___ ╔════════════════════════════════════════════════════════════╗

2024-07-10 13:23:18,759 INFO     ___FILE_ONLY___ ╠═ Downloading: Google Cloud CRC32C Hash Tool               ═╣

2024-07-10 13:23:18,759 INFO     ___FILE_ONLY___ ╚
2024-07-10 13:23:18,760 INFO     ___FILE_ONLY___ ════════════════════════════════════════════════════════════
2024-07-10 13:23:18,760 INFO     ___FILE_ONLY___ ╝

2024-07-10 13:23:18,764 INFO     ___FILE_ONLY___ ╔════════════════════════════════════════════════════════════╗

2024-07-10 13:23:18,765 INFO     ___FILE_ONLY___ ╠═ Downloading: Google Cloud CRC32C Hash Tool               ═╣

2024-07-10 13:23:18,765 INFO     ___FILE_ONLY___ ╚
2024-07-10 13:23:18,773 DEBUG    urllib3.connectionpool Starting new HTTPS connection (1): dl.google.com:443
2024-07-10 13:23:18,880 DEBUG    urllib3.connectionpool https://dl.google.com:443 "GET /dl/cloudsdk/channels/rapid/components/google-cloud-sdk-gcloud-crc32c-linux-x86_64-20231215195722.tar.gz HTTP/1.1" 200 1287877
2024-07-10 13:23:18,889 INFO     ___FILE_ONLY___ ═
2024-07-10 13:23:18,889 INFO     ___FILE_ONLY___ ═
2024-07-10 13:23:18,889 INFO     ___FILE_ONLY___ ═
2024-07-10 13:23:18,889 INFO     ___FILE_ONLY___ ═
2024-07-10 13:23:18,890 INFO     ___FILE_ONLY___ ═
2024-07-10 13:23:18,890 INFO     ___FILE_ONLY___ ═
2024-07-10 13:23:18,890 INFO     ___FILE_ONLY___ ═
2024-07-10 13:23:18,890 INFO     ___FILE_ONLY___ ═
2024-07-10 13:23:18,890 INFO     ___FILE_ONLY___ ═
2024-07-10 13:23:18,890 INFO     ___FILE_ONLY___ ═
2024-07-10 13:23:18,890 INFO     ___FILE_ONLY___ ═
2024-07-10 13:23:18,890 INFO     ___FILE_ONLY___ ═
2024-07-10 13:23:18,890 INFO     ___FILE_ONLY___ ═
2024-07-10 13:23:18,890 INFO     ___FILE_ONLY___ ═
2024-07-10 13:23:18,891 INFO     ___FILE_ONLY___ ═
2024-07-10 13:23:18,891 INFO     ___FILE_ONLY___ ═
2024-07-10 13:23:18,891 INFO     ___FILE_ONLY___ ═
2024-07-10 13:23:18,891 INFO     ___FILE_ONLY___ ═
2024-07-10 13:23:18,891 INFO     ___FILE_ONLY___ ═
2024-07-10 13:23:18,891 INFO     ___FILE_ONLY___ ═
2024-07-10 13:23:18,891 INFO     ___FILE_ONLY___ ═
2024-07-10 13:23:18,891 INFO     ___FILE_ONLY___ ═
2024-07-10 13:23:18,891 INFO     ___FILE_ONLY___ ═
2024-07-10 13:23:18,891 INFO     ___FILE_ONLY___ ═
2024-07-10 13:23:18,891 INFO     ___FILE_ONLY___ ═
2024-07-10 13:23:18,892 INFO     ___FILE_ONLY___ ═
2024-07-10 13:23:18,892 INFO     ___FILE_ONLY___ ═
2024-07-10 13:23:18,892 INFO     ___FILE_ONLY___ ═
2024-07-10 13:23:18,892 INFO     ___FILE_ONLY___ ═
2024-07-10 13:23:18,892 INFO     ___FILE_ONLY___ ═
2024-07-10 13:23:18,892 INFO     ___FILE_ONLY___ ═
2024-07-10 13:23:18,892 INFO     ___FILE_ONLY___ ═
2024-07-10 13:23:18,892 INFO     ___FILE_ONLY___ ═
2024-07-10 13:23:18,892 INFO     ___FILE_ONLY___ ═
2024-07-10 13:23:18,892 INFO     ___FILE_ONLY___ ═
2024-07-10 13:23:18,892 INFO     ___FILE_ONLY___ ═
2024-07-10 13:23:18,892 INFO     ___FILE_ONLY___ ═
2024-07-10 13:23:18,893 INFO     ___FILE_ONLY___ ═
2024-07-10 13:23:18,893 INFO     ___FILE_ONLY___ ═
2024-07-10 13:23:18,893 INFO     ___FILE_ONLY___ ═
2024-07-10 13:23:18,893 INFO     ___FILE_ONLY___ ═
2024-07-10 13:23:18,893 INFO     ___FILE_ONLY___ ═
2024-07-10 13:23:18,893 INFO     ___FILE_ONLY___ ═
2024-07-10 13:23:18,893 INFO     ___FILE_ONLY___ ═
2024-07-10 13:23:18,893 INFO     ___FILE_ONLY___ ═
2024-07-10 13:23:18,893 INFO     ___FILE_ONLY___ ═
2024-07-10 13:23:18,893 INFO     ___FILE_ONLY___ ═
2024-07-10 13:23:18,893 INFO     ___FILE_ONLY___ ═
2024-07-10 13:23:18,894 INFO     ___FILE_ONLY___ ═
2024-07-10 13:23:18,894 INFO     ___FILE_ONLY___ ═
2024-07-10 13:23:18,894 INFO     ___FILE_ONLY___ ═
2024-07-10 13:23:18,894 INFO     ___FILE_ONLY___ ═
2024-07-10 13:23:18,895 INFO     ___FILE_ONLY___ ═
2024-07-10 13:23:18,895 INFO     ___FILE_ONLY___ ═
2024-07-10 13:23:18,895 INFO     ___FILE_ONLY___ ═
2024-07-10 13:23:18,895 INFO     ___FILE_ONLY___ ═
2024-07-10 13:23:18,895 INFO     ___FILE_ONLY___ ═
2024-07-10 13:23:18,895 INFO     ___FILE_ONLY___ ═
2024-07-10 13:23:18,895 INFO     ___FILE_ONLY___ ═
2024-07-10 13:23:18,895 INFO     ___FILE_ONLY___ ═
2024-07-10 13:23:18,895 INFO     ___FILE_ONLY___ ╝

2024-07-10 13:23:18,897 INFO     ___FILE_ONLY___ ╔════════════════════════════════════════════════════════════╗

2024-07-10 13:23:18,898 INFO     ___FILE_ONLY___ ╠═ Downloading: gcloud cli dependencies                     ═╣

2024-07-10 13:23:18,898 INFO     ___FILE_ONLY___ ╚
2024-07-10 13:23:18,901 DEBUG    urllib3.connectionpool Starting new HTTPS connection (1): dl.google.com:443
2024-07-10 13:23:18,997 DEBUG    urllib3.connectionpool https://dl.google.com:443 "GET /dl/cloudsdk/channels/rapid/components/google-cloud-sdk-gcloud-deps-linux-x86_64-20210416153011.tar.gz HTTP/1.1" 200 104
2024-07-10 13:23:18,998 INFO     ___FILE_ONLY___ ════════════════════════════════════════════════════════════
2024-07-10 13:23:18,998 INFO     ___FILE_ONLY___ ╝

2024-07-10 13:23:19,000 INFO     ___FILE_ONLY___ ╔════════════════════════════════════════════════════════════╗

2024-07-10 13:23:19,000 INFO     ___FILE_ONLY___ ╠═ Installing: BigQuery Command Line Tool                   ═╣

2024-07-10 13:23:19,000 INFO     ___FILE_ONLY___ ╚
2024-07-10 13:23:19,131 INFO     ___FILE_ONLY___ ═
2024-07-10 13:23:19,134 INFO     ___FILE_ONLY___ ═
2024-07-10 13:23:19,138 INFO     ___FILE_ONLY___ ═
2024-07-10 13:23:19,140 INFO     ___FILE_ONLY___ ═
2024-07-10 13:23:19,143 INFO     ___FILE_ONLY___ ═
2024-07-10 13:23:19,146 INFO     ___FILE_ONLY___ ═
2024-07-10 13:23:19,148 INFO     ___FILE_ONLY___ ═
2024-07-10 13:23:19,151 INFO     ___FILE_ONLY___ ═
2024-07-10 13:23:19,153 INFO     ___FILE_ONLY___ ═
2024-07-10 13:23:19,156 INFO     ___FILE_ONLY___ ═
2024-07-10 13:23:19,158 INFO     ___FILE_ONLY___ ═
2024-07-10 13:23:19,160 INFO     ___FILE_ONLY___ ═
2024-07-10 13:23:19,162 INFO     ___FILE_ONLY___ ═
2024-07-10 13:23:19,165 INFO     ___FILE_ONLY___ ═
2024-07-10 13:23:19,168 INFO     ___FILE_ONLY___ ═
2024-07-10 13:23:19,170 INFO     ___FILE_ONLY___ ═
2024-07-10 13:23:19,173 INFO     ___FILE_ONLY___ ═
2024-07-10 13:23:19,176 INFO     ___FILE_ONLY___ ═
2024-07-10 13:23:19,179 INFO     ___FILE_ONLY___ ═
2024-07-10 13:23:19,181 INFO     ___FILE_ONLY___ ═
2024-07-10 13:23:19,183 INFO     ___FILE_ONLY___ ═
2024-07-10 13:23:19,186 INFO     ___FILE_ONLY___ ═
2024-07-10 13:23:19,188 INFO     ___FILE_ONLY___ ═
2024-07-10 13:23:19,190 INFO     ___FILE_ONLY___ ═
2024-07-10 13:23:19,193 INFO     ___FILE_ONLY___ ═
2024-07-10 13:23:19,195 INFO     ___FILE_ONLY___ ═
2024-07-10 13:23:19,199 INFO     ___FILE_ONLY___ ═
2024-07-10 13:23:19,201 INFO     ___FILE_ONLY___ ═
2024-07-10 13:23:19,206 INFO     ___FILE_ONLY___ ═
2024-07-10 13:23:19,208 INFO     ___FILE_ONLY___ ═
2024-07-10 13:23:19,211 INFO     ___FILE_ONLY___ ═
2024-07-10 13:23:19,213 INFO     ___FILE_ONLY___ ═
2024-07-10 13:23:19,216 INFO     ___FILE_ONLY___ ═
2024-07-10 13:23:19,220 INFO     ___FILE_ONLY___ ═
2024-07-10 13:23:19,222 INFO     ___FILE_ONLY___ ═
2024-07-10 13:23:19,224 INFO     ___FILE_ONLY___ ═
2024-07-10 13:23:19,229 INFO     ___FILE_ONLY___ ═
2024-07-10 13:23:19,233 INFO     ___FILE_ONLY___ ═
2024-07-10 13:23:19,236 INFO     ___FILE_ONLY___ ═
2024-07-10 13:23:19,239 INFO     ___FILE_ONLY___ ═
2024-07-10 13:23:19,241 INFO     ___FILE_ONLY___ ═
2024-07-10 13:23:19,245 INFO     ___FILE_ONLY___ ═
2024-07-10 13:23:19,249 INFO     ___FILE_ONLY___ ═
2024-07-10 13:23:19,252 INFO     ___FILE_ONLY___ ═
2024-07-10 13:23:19,254 INFO     ___FILE_ONLY___ ═
2024-07-10 13:23:19,256 INFO     ___FILE_ONLY___ ═
2024-07-10 13:23:19,258 INFO     ___FILE_ONLY___ ═
2024-07-10 13:23:19,260 INFO     ___FILE_ONLY___ ═
2024-07-10 13:23:19,263 INFO     ___FILE_ONLY___ ═
2024-07-10 13:23:19,265 INFO     ___FILE_ONLY___ ═
2024-07-10 13:23:19,267 INFO     ___FILE_ONLY___ ═
2024-07-10 13:23:19,269 INFO     ___FILE_ONLY___ ═
2024-07-10 13:23:19,272 INFO     ___FILE_ONLY___ ═
2024-07-10 13:23:19,274 INFO     ___FILE_ONLY___ ═
2024-07-10 13:23:19,276 INFO     ___FILE_ONLY___ ═
2024-07-10 13:23:19,278 INFO     ___FILE_ONLY___ ═
2024-07-10 13:23:19,280 INFO     ___FILE_ONLY___ ═
2024-07-10 13:23:19,283 INFO     ___FILE_ONLY___ ═
2024-07-10 13:23:19,285 INFO     ___FILE_ONLY___ ═
2024-07-10 13:23:19,287 INFO     ___FILE_ONLY___ ═
2024-07-10 13:23:19,287 INFO     ___FILE_ONLY___ ╝

2024-07-10 13:23:19,304 INFO     ___FILE_ONLY___ ╔════════════════════════════════════════════════════════════╗

2024-07-10 13:23:19,304 INFO     ___FILE_ONLY___ ╠═ Installing: BigQuery Command Line Tool (Platform Spec... ═╣

2024-07-10 13:23:19,304 INFO     ___FILE_ONLY___ ╚
2024-07-10 13:23:19,305 INFO     ___FILE_ONLY___ ════════════════════════════════════════════════════════════
2024-07-10 13:23:19,305 INFO     ___FILE_ONLY___ ╝

2024-07-10 13:23:19,311 INFO     ___FILE_ONLY___ ╔════════════════════════════════════════════════════════════╗

2024-07-10 13:23:19,311 INFO     ___FILE_ONLY___ ╠═ Installing: Bundled Python 3.11                          ═╣

2024-07-10 13:23:19,311 INFO     ___FILE_ONLY___ ╚
2024-07-10 13:23:21,593 INFO     ___FILE_ONLY___ ═
2024-07-10 13:23:21,607 INFO     ___FILE_ONLY___ ═
2024-07-10 13:23:21,634 INFO     ___FILE_ONLY___ ═
2024-07-10 13:23:21,665 INFO     ___FILE_ONLY___ ═
2024-07-10 13:23:21,698 INFO     ___FILE_ONLY___ ═
2024-07-10 13:23:21,727 INFO     ___FILE_ONLY___ ═
2024-07-10 13:23:21,757 INFO     ___FILE_ONLY___ ═
2024-07-10 13:23:21,780 INFO     ___FILE_ONLY___ ═
2024-07-10 13:23:21,793 INFO     ___FILE_ONLY___ ═
2024-07-10 13:23:21,806 INFO     ___FILE_ONLY___ ═
2024-07-10 13:23:21,819 INFO     ___FILE_ONLY___ ═
2024-07-10 13:23:21,832 INFO     ___FILE_ONLY___ ═
2024-07-10 13:23:21,844 INFO     ___FILE_ONLY___ ═
2024-07-10 13:23:21,857 INFO     ___FILE_ONLY___ ═
2024-07-10 13:23:21,870 INFO     ___FILE_ONLY___ ═
2024-07-10 13:23:21,883 INFO     ___FILE_ONLY___ ═
2024-07-10 13:23:21,896 INFO     ___FILE_ONLY___ ═
2024-07-10 13:23:21,909 INFO     ___FILE_ONLY___ ═
2024-07-10 13:23:21,922 INFO     ___FILE_ONLY___ ═
2024-07-10 13:23:21,934 INFO     ___FILE_ONLY___ ═
2024-07-10 13:23:21,947 INFO     ___FILE_ONLY___ ═
2024-07-10 13:23:21,960 INFO     ___FILE_ONLY___ ═
2024-07-10 13:23:21,973 INFO     ___FILE_ONLY___ ═
2024-07-10 13:23:21,985 INFO     ___FILE_ONLY___ ═
2024-07-10 13:23:21,998 INFO     ___FILE_ONLY___ ═
2024-07-10 13:23:22,010 INFO     ___FILE_ONLY___ ═
2024-07-10 13:23:22,022 INFO     ___FILE_ONLY___ ═
2024-07-10 13:23:22,035 INFO     ___FILE_ONLY___ ═
2024-07-10 13:23:22,049 INFO     ___FILE_ONLY___ ═
2024-07-10 13:23:22,061 INFO     ___FILE_ONLY___ ═
2024-07-10 13:23:22,074 INFO     ___FILE_ONLY___ ═
2024-07-10 13:23:22,087 INFO     ___FILE_ONLY___ ═
2024-07-10 13:23:22,100 INFO     ___FILE_ONLY___ ═
2024-07-10 13:23:22,114 INFO     ___FILE_ONLY___ ═
2024-07-10 13:23:22,541 INFO     ___FILE_ONLY___ ═
2024-07-10 13:23:22,590 INFO     ___FILE_ONLY___ ═
2024-07-10 13:23:22,632 INFO     ___FILE_ONLY___ ═
2024-07-10 13:23:22,674 INFO     ___FILE_ONLY___ ═
2024-07-10 13:23:22,711 INFO     ___FILE_ONLY___ ═
2024-07-10 13:23:22,764 INFO     ___FILE_ONLY___ ═
2024-07-10 13:23:22,805 INFO     ___FILE_ONLY___ ═
2024-07-10 13:23:22,849 INFO     ___FILE_ONLY___ ═
2024-07-10 13:23:23,041 INFO     ___FILE_ONLY___ ═
2024-07-10 13:23:23,060 INFO     ___FILE_ONLY___ ═
2024-07-10 13:23:23,214 INFO     ___FILE_ONLY___ ═
2024-07-10 13:23:23,252 INFO     ___FILE_ONLY___ ═
2024-07-10 13:23:23,289 INFO     ___FILE_ONLY___ ═
2024-07-10 13:23:23,337 INFO     ___FILE_ONLY___ ═
2024-07-10 13:23:23,380 INFO     ___FILE_ONLY___ ═
2024-07-10 13:23:23,427 INFO     ___FILE_ONLY___ ═
2024-07-10 13:23:23,481 INFO     ___FILE_ONLY___ ═
2024-07-10 13:23:23,562 INFO     ___FILE_ONLY___ ═
2024-07-10 13:23:23,602 INFO     ___FILE_ONLY___ ═
2024-07-10 13:23:23,639 INFO     ___FILE_ONLY___ ═
2024-07-10 13:23:23,685 INFO     ___FILE_ONLY___ ═
2024-07-10 13:23:23,735 INFO     ___FILE_ONLY___ ═
2024-07-10 13:23:23,795 INFO     ___FILE_ONLY___ ═
2024-07-10 13:23:25,207 INFO     ___FILE_ONLY___ ═
2024-07-10 13:23:25,242 INFO     ___FILE_ONLY___ ═
2024-07-10 13:23:25,278 INFO     ___FILE_ONLY___ ═
2024-07-10 13:23:25,278 INFO     ___FILE_ONLY___ ╝

2024-07-10 13:23:25,385 INFO     ___FILE_ONLY___ ╔════════════════════════════════════════════════════════════╗

2024-07-10 13:23:25,386 INFO     ___FILE_ONLY___ ╠═ Installing: Bundled Python 3.11                          ═╣

2024-07-10 13:23:25,386 INFO     ___FILE_ONLY___ ╚
2024-07-10 13:23:25,394 INFO     ___FILE_ONLY___ ════════════════════════════════════════════════════════════
2024-07-10 13:23:25,395 INFO     ___FILE_ONLY___ ╝

2024-07-10 13:23:25,400 INFO     ___FILE_ONLY___ ╔════════════════════════════════════════════════════════════╗

2024-07-10 13:23:25,400 INFO     ___FILE_ONLY___ ╠═ Installing: Cloud Storage Command Line Tool              ═╣

2024-07-10 13:23:25,400 INFO     ___FILE_ONLY___ ╚
2024-07-10 13:23:26,200 INFO     ___FILE_ONLY___ ═
2024-07-10 13:23:26,228 INFO     ___FILE_ONLY___ ═
2024-07-10 13:23:26,265 INFO     ___FILE_ONLY___ ═
2024-07-10 13:23:26,307 INFO     ___FILE_ONLY___ ═
2024-07-10 13:23:26,342 INFO     ___FILE_ONLY___ ═
2024-07-10 13:23:26,379 INFO     ___FILE_ONLY___ ═
2024-07-10 13:23:26,413 INFO     ___FILE_ONLY___ ═
2024-07-10 13:23:26,459 INFO     ___FILE_ONLY___ ═
2024-07-10 13:23:26,491 INFO     ___FILE_ONLY___ ═
2024-07-10 13:23:26,519 INFO     ___FILE_ONLY___ ═
2024-07-10 13:23:26,546 INFO     ___FILE_ONLY___ ═
2024-07-10 13:23:26,612 INFO     ___FILE_ONLY___ ═
2024-07-10 13:23:26,633 INFO     ___FILE_ONLY___ ═
2024-07-10 13:23:26,660 INFO     ___FILE_ONLY___ ═
2024-07-10 13:23:26,687 INFO     ___FILE_ONLY___ ═
2024-07-10 13:23:26,709 INFO     ___FILE_ONLY___ ═
2024-07-10 13:23:26,736 INFO     ___FILE_ONLY___ ═
2024-07-10 13:23:26,764 INFO     ___FILE_ONLY___ ═
2024-07-10 13:23:26,789 INFO     ___FILE_ONLY___ ═
2024-07-10 13:23:26,817 INFO     ___FILE_ONLY___ ═
2024-07-10 13:23:26,841 INFO     ___FILE_ONLY___ ═
2024-07-10 13:23:26,863 INFO     ___FILE_ONLY___ ═
2024-07-10 13:23:26,882 INFO     ___FILE_ONLY___ ═
2024-07-10 13:23:26,907 INFO     ___FILE_ONLY___ ═
2024-07-10 13:23:26,929 INFO     ___FILE_ONLY___ ═
2024-07-10 13:23:26,959 INFO     ___FILE_ONLY___ ═
2024-07-10 13:23:26,983 INFO     ___FILE_ONLY___ ═
2024-07-10 13:23:26,996 INFO     ___FILE_ONLY___ ═
2024-07-10 13:23:27,008 INFO     ___FILE_ONLY___ ═
2024-07-10 13:23:27,037 INFO     ___FILE_ONLY___ ═
2024-07-10 13:23:27,059 INFO     ___FILE_ONLY___ ═
2024-07-10 13:23:27,073 INFO     ___FILE_ONLY___ ═
2024-07-10 13:23:27,088 INFO     ___FILE_ONLY___ ═
2024-07-10 13:23:27,115 INFO     ___FILE_ONLY___ ═
2024-07-10 13:23:27,136 INFO     ___FILE_ONLY___ ═
2024-07-10 13:23:27,158 INFO     ___FILE_ONLY___ ═
2024-07-10 13:23:27,181 INFO     ___FILE_ONLY___ ═
2024-07-10 13:23:27,205 INFO     ___FILE_ONLY___ ═
2024-07-10 13:23:27,229 INFO     ___FILE_ONLY___ ═
2024-07-10 13:23:27,260 INFO     ___FILE_ONLY___ ═
2024-07-10 13:23:27,285 INFO     ___FILE_ONLY___ ═
2024-07-10 13:23:27,307 INFO     ___FILE_ONLY___ ═
2024-07-10 13:23:27,331 INFO     ___FILE_ONLY___ ═
2024-07-10 13:23:27,363 INFO     ___FILE_ONLY___ ═
2024-07-10 13:23:27,394 INFO     ___FILE_ONLY___ ═
2024-07-10 13:23:27,425 INFO     ___FILE_ONLY___ ═
2024-07-10 13:23:27,455 INFO     ___FILE_ONLY___ ═
2024-07-10 13:23:27,482 INFO     ___FILE_ONLY___ ═
2024-07-10 13:23:27,512 INFO     ___FILE_ONLY___ ═
2024-07-10 13:23:27,538 INFO     ___FILE_ONLY___ ═
2024-07-10 13:23:27,561 INFO     ___FILE_ONLY___ ═
2024-07-10 13:23:27,586 INFO     ___FILE_ONLY___ ═
2024-07-10 13:23:27,623 INFO     ___FILE_ONLY___ ═
2024-07-10 13:23:27,650 INFO     ___FILE_ONLY___ ═
2024-07-10 13:23:27,674 INFO     ___FILE_ONLY___ ═
2024-07-10 13:23:27,699 INFO     ___FILE_ONLY___ ═
2024-07-10 13:23:27,718 INFO     ___FILE_ONLY___ ═
2024-07-10 13:23:27,754 INFO     ___FILE_ONLY___ ═
2024-07-10 13:23:27,785 INFO     ___FILE_ONLY___ ═
2024-07-10 13:23:27,820 INFO     ___FILE_ONLY___ ═
2024-07-10 13:23:27,820 INFO     ___FILE_ONLY___ ╝

2024-07-10 13:23:27,888 INFO     ___FILE_ONLY___ ╔════════════════════════════════════════════════════════════╗

2024-07-10 13:23:27,889 INFO     ___FILE_ONLY___ ╠═ Installing: Cloud Storage Command Line Tool (Platform... ═╣

2024-07-10 13:23:27,889 INFO     ___FILE_ONLY___ ╚
2024-07-10 13:23:27,891 INFO     ___FILE_ONLY___ ════════════════════════════════════════════════════════════
2024-07-10 13:23:27,891 INFO     ___FILE_ONLY___ ╝

2024-07-10 13:23:27,906 INFO     ___FILE_ONLY___ ╔════════════════════════════════════════════════════════════╗

2024-07-10 13:23:27,906 INFO     ___FILE_ONLY___ ╠═ Installing: Default set of gcloud commands               ═╣

2024-07-10 13:23:27,906 INFO     ___FILE_ONLY___ ╚
2024-07-10 13:23:27,916 INFO     ___FILE_ONLY___ ════════════════════════════════════════════════════════════
2024-07-10 13:23:27,917 INFO     ___FILE_ONLY___ ╝

2024-07-10 13:23:27,923 INFO     ___FILE_ONLY___ ╔════════════════════════════════════════════════════════════╗

2024-07-10 13:23:27,923 INFO     ___FILE_ONLY___ ╠═ Installing: Google Cloud CLI Core Libraries (Platform... ═╣

2024-07-10 13:23:27,924 INFO     ___FILE_ONLY___ ╚
2024-07-10 13:23:27,926 INFO     ___FILE_ONLY___ ══════════════════════════════
2024-07-10 13:23:27,928 INFO     ___FILE_ONLY___ ══════════════════════════════
2024-07-10 13:23:27,928 INFO     ___FILE_ONLY___ ╝

2024-07-10 13:23:27,943 INFO     ___FILE_ONLY___ ╔════════════════════════════════════════════════════════════╗

2024-07-10 13:23:27,944 INFO     ___FILE_ONLY___ ╠═ Installing: Google Cloud CRC32C Hash Tool                ═╣

2024-07-10 13:23:27,944 INFO     ___FILE_ONLY___ ╚
2024-07-10 13:23:27,953 INFO     ___FILE_ONLY___ ════════════════════════════════════════════════════════════
2024-07-10 13:23:27,953 INFO     ___FILE_ONLY___ ╝

2024-07-10 13:23:27,957 INFO     ___FILE_ONLY___ ╔════════════════════════════════════════════════════════════╗

2024-07-10 13:23:27,958 INFO     ___FILE_ONLY___ ╠═ Installing: Google Cloud CRC32C Hash Tool                ═╣

2024-07-10 13:23:27,958 INFO     ___FILE_ONLY___ ╚
2024-07-10 13:23:28,003 INFO     ___FILE_ONLY___ ══════════════════════════════
2024-07-10 13:23:28,004 INFO     ___FILE_ONLY___ ══════════════════════════════
2024-07-10 13:23:28,005 INFO     ___FILE_ONLY___ ╝

2024-07-10 13:23:28,019 INFO     ___FILE_ONLY___ ╔════════════════════════════════════════════════════════════╗

2024-07-10 13:23:28,020 INFO     ___FILE_ONLY___ ╠═ Installing: gcloud cli dependencies                      ═╣

2024-07-10 13:23:28,020 INFO     ___FILE_ONLY___ ╚
2024-07-10 13:23:28,021 INFO     ___FILE_ONLY___ ════════════════════════════════════════════════════════════
2024-07-10 13:23:28,021 INFO     ___FILE_ONLY___ ╝

2024-07-10 13:23:28,072 DEBUG    root            Updating notification cache...
2024-07-10 13:23:28,073 INFO     ___FILE_ONLY___ 

2024-07-10 13:23:28,078 INFO     ___FILE_ONLY___ Performing post processing steps...
2024-07-10 13:23:28,079 DEBUG    root            Executing command: ['/tools/google-cloud-sdk/bin/gcloud', 'components', 'post-process']
2024-07-10 13:23:51,434 DEBUG    ___FILE_ONLY___ 
2024-07-10 13:23:51,435 DEBUG    ___FILE_ONLY___ 
2024-07-10 13:23:51,625 INFO     ___FILE_ONLY___ 
Update done!


2024-07-10 13:23:51,632 DEBUG    root            Chosen display Format:none
2024-07-10 13:23:51,633 INFO     root            Display format: "none"
